<?xml version="1.0" encoding="UTF-8"?>
<!-- Generated by org.testng.reporters.JUnitReportReporter -->
<testsuite hostname="DESKTOP-RIIPE09" failures="0" tests="1" name="test.LoginTest" time="3.240" errors="0" timestamp="2023-04-18T13:18:46 CEST" skipped="0">
  <testcase classname="test.LoginTest" name="successfulLogin" time="3.240"/>
  <system-out/>
</testsuite> <!-- test.LoginTest -->
