<?xml version="1.0" encoding="UTF-8"?>
<!-- Generated by org.testng.reporters.JUnitReportReporter -->
<testsuite hostname="DESKTOP-RIIPE09" failures="0" tests="3" name="test.FailedLoginTest" time="5.469" errors="0" timestamp="2023-04-18T13:18:46 CEST" skipped="0">
  <testcase classname="test.FailedLoginTest" name="failedLoginTest" time="1.660"/>
  <system-out/>
  <testcase classname="test.FailedLoginTest" name="failedLoginTest" time="1.565"/>
  <system-out/>
  <testcase classname="test.FailedLoginTest" name="failedLoginTest" time="2.244"/>
  <system-out/>
</testsuite> <!-- test.FailedLoginTest -->
