<?xml version="1.0" encoding="UTF-8"?>
<!-- Generated by org.testng.reporters.JUnitReportReporter -->
<testsuite hostname="DESKTOP-RIIPE09" failures="0" tests="1" name="testWithLogin.SelectRandomProductsTest" time="3.289" errors="0" timestamp="2023-04-18T13:18:46 CEST" skipped="0">
  <testcase classname="testWithLogin.SelectRandomProductsTest" name="selectRandomProduct" time="3.289"/>
  <system-out/>
</testsuite> <!-- testWithLogin.SelectRandomProductsTest -->
