<?xml version="1.0" encoding="UTF-8"?>
<!-- Generated by org.testng.reporters.JUnitReportReporter -->
<testsuite hostname="DESKTOP-RIIPE09" failures="0" tests="1" name="testWithLogin.SuccessfulBoughtItemTest" time="3.446" errors="0" timestamp="2023-04-18T13:18:46 CEST" skipped="0">
  <testcase classname="testWithLogin.SuccessfulBoughtItemTest" name="successfulBoughtItem" time="3.446"/>
  <system-out/>
</testsuite> <!-- testWithLogin.SuccessfulBoughtItemTest -->
